d:\my_c_files\sse_vectorised_functions_x64\sse_vectorised_functions_x64_lib\x64\release\sse_vectorised_functions_x64_lib.pch
d:\my_c_files\sse_vectorised_functions_x64\sse_vectorised_functions_x64_lib\x64\release\vc142.pdb
d:\my_c_files\sse_vectorised_functions_x64\sse_vectorised_functions_x64_lib\x64\release\dllmain.obj
d:\my_c_files\sse_vectorised_functions_x64\sse_vectorised_functions_x64_lib\x64\release\pch.obj
d:\my_c_files\sse_vectorised_functions_x64\sse_vectorised_functions_x64_lib\x64\release\sse_math_x64_lib.obj
d:\my_c_files\sse_vectorised_functions_x64\sse_vectorised_functions_x64\x64\release\sse_vectorised_functions_x64_lib.dll
d:\my_c_files\sse_vectorised_functions_x64\sse_vectorised_functions_x64\x64\release\sse_vectorised_functions_x64_lib.pdb
d:\my_c_files\sse_vectorised_functions_x64\sse_vectorised_functions_x64_lib\x64\release\basic_operations_.obj
d:\my_c_files\sse_vectorised_functions_x64\sse_vectorised_functions_x64\x64\release\sse_vectorised_functions_x64_lib.lib
d:\my_c_files\sse_vectorised_functions_x64\sse_vectorised_functions_x64\x64\release\sse_vectorised_functions_x64_lib.exp
d:\my_c_files\sse_vectorised_functions_x64\sse_vectorised_functions_x64\x64\release\sse_vectorised_functions_x64_lib.ipdb
d:\my_c_files\sse_vectorised_functions_x64\sse_vectorised_functions_x64\x64\release\sse_vectorised_functions_x64_lib.iobj
d:\my_c_files\sse_vectorised_functions_x64\sse_vectorised_functions_x64_lib\x64\release\sse_vect.4e3ada79.tlog\cl.command.1.tlog
d:\my_c_files\sse_vectorised_functions_x64\sse_vectorised_functions_x64_lib\x64\release\sse_vect.4e3ada79.tlog\cl.read.1.tlog
d:\my_c_files\sse_vectorised_functions_x64\sse_vectorised_functions_x64_lib\x64\release\sse_vect.4e3ada79.tlog\cl.write.1.tlog
d:\my_c_files\sse_vectorised_functions_x64\sse_vectorised_functions_x64_lib\x64\release\sse_vect.4e3ada79.tlog\link.command.1.tlog
d:\my_c_files\sse_vectorised_functions_x64\sse_vectorised_functions_x64_lib\x64\release\sse_vect.4e3ada79.tlog\link.read.1.tlog
d:\my_c_files\sse_vectorised_functions_x64\sse_vectorised_functions_x64_lib\x64\release\sse_vect.4e3ada79.tlog\link.write.1.tlog
d:\my_c_files\sse_vectorised_functions_x64\sse_vectorised_functions_x64_lib\x64\release\sse_vect.4e3ada79.tlog\masm.read.1u.tlog
d:\my_c_files\sse_vectorised_functions_x64\sse_vectorised_functions_x64_lib\x64\release\sse_vect.4e3ada79.tlog\masm.write.1u.tlog
d:\my_c_files\sse_vectorised_functions_x64\sse_vectorised_functions_x64_lib\x64\release\sse_vect.4e3ada79.tlog\sse_vectorised_functions_x64_lib.write.1u.tlog
